# $ $Author: Andrew Wilson (nuance) $
SOURCELONG:Tome of Horrors Complete	SOURCESHORT:TOHC	SOURCEWEB:http://froggodgames.com/tome-horrors-complete	SOURCEDATE:2014-03
# ORIGINAL ENTRY: Andrew Wilson
# ORIGINAL ENTRY DATE: 2014/03/22

STARTPACK:Default Aberant	TYPE:Default Monster.Humanoid	VISIBLE:QUALIFY	EQUIPBUY:0	PREMULT:1,[!PRERACE:1,%],[PRERACE:1,Aberant]
RACE:Aberant	!PRERACE:1,%
NAME:Aberant
STAT:STR=11|DEX=11|CON=10|INT=10|WIS=10|CHA=10
SKILL:Intimidate	RANK:8
SKILL:Perception	RANK:8
SKILL:Survival	RANK:8
ABILITY:CATEGORY=FEAT|Cleave
ABILITY:CATEGORY=FEAT|Power Attack
ABILITY:CATEGORY=FEAT|Vital Strike
ABILITY:CATEGORY=FEAT|Weapon Focus (greatclub)

STARTPACK:Default Abyssal Harvester	TYPE:Default Monster.Aberration	VISIBLE:QUALIFY	EQUIPBUY:0	PREMULT:1,[!PRERACE:1,%],[PRERACE:1,Abyssal Harvester]
RACE:Abyssal Harvester	!PRERACE:1,%
NAME:Abyssal Harvester
STAT:STR=11|DEX=10|CON=11|INT=10|WIS=10|CHA=11
SKILL:Intimidate			RANK:21
SKILL:Knowledge (planes)	RANK:21
SKILL:Perception			RANK:21
SKILL:Survival			RANK:21
ABILITY:CATEGORY=FEAT|Alertness
ABILITY:CATEGORY=FEAT|Awesome Blow
ABILITY:CATEGORY=FEAT|Blind-Fight
ABILITY:CATEGORY=FEAT|Cleave
ABILITY:CATEGORY=FEAT|Improved Bull Rush
ABILITY:CATEGORY=FEAT|Improved Critical (tentacle)
ABILITY:CATEGORY=FEAT|Improved Natural Attack (tentacle)
ABILITY:CATEGORY=FEAT|Lightning Reflexes
ABILITY:CATEGORY=FEAT|Power Attack
ABILITY:CATEGORY=FEAT|Weapon Focus (tentacle)
ABILITY:CATEGORY=FEAT|Improved Grapple				FREE:YES
TEMPLATE:By the Book Abyssal Harvester


STARTPACK:Default Abyssal Larva	TYPE:Default Monster.Outsider	VISIBLE:QUALIFY	EQUIPBUY:0	PREMULT:1,[!PRERACE:1,%],[PRERACE:1,Abyssal Larva]
RACE:Abyssal Larva	!PRERACE:1,%
NAME:Abyssal Larva
STAT:STR=10|DEX=10|CON=11|INT=11|WIS=10|CHA=11
SKILL:Perception	RANK:1
SKILL:Stealth	RANK:1
ABILITY:CATEGORY=FEAT|Toughness	FREE:YES


STARTPACK:Default Adherer	TYPE:Default Monster.Outsider	VISIBLE:QUALIFY	EQUIPBUY:0	PREMULT:1,[!PRERACE:1,%],[PRERACE:1,Adherer]
RACE:Adherer	!PRERACE:1,%
NAME:Adherer
STAT:STR=10|DEX=10|CON=10|INT=10|WIS=11|CHA=11
SKILL:Perception	RANK:2
SKILL:Stealth	RANK:2
ABILITY:CATEGORY=FEAT|Skill Focus (perception)
ABILITY:CATEGORY=FEAT|Weapon Focus (slam)		FREE:YES


STARTPACK:Default Aerial Servant	TYPE:Default Monster.Outsider	VISIBLE:QUALIFY	EQUIPBUY:0	PREMULT:1,[!PRERACE:1,%],[PRERACE:1,Aerial Servant]
RACE:Aerial Servant	!PRERACE:1,%
NAME:Aerial Servant
STAT:STR=11|DEX=10|CON=11|INT=10|WIS=10|CHA=11
ABILITY:CATEGORY=FEAT|Alertness
ABILITY:CATEGORY=FEAT|Combat Reflexes
ABILITY:CATEGORY=FEAT|Improved Initiative
ABILITY:CATEGORY=FEAT|Iron Will
ABILITY:CATEGORY=FEAT|Power Attack
ABILITY:CATEGORY=FEAT|Weapon Focus (slam)	FREE:YES
SKILL:Fly				RANK:3	FREE:YES
SKILL:Knowledge (planes)	RANK:5
SKILL:Perception			RANK:12
SKILL:Stealth			RANK:11
SKILL:Survival			RANK:8


STARTPACK:Default Afanc	TYPE:Default Monster.Outsider	VISIBLE:QUALIFY	EQUIPBUY:0	PREMULT:1,[!PRERACE:1,%],[PRERACE:1,Afanc]
RACE:Afanc	!PRERACE:1,%
NAME:Afanc
STAT:STR=10|DEX=11|CON=10|INT=11|WIS=11|CHA=10
ABILITY:CATEGORY=FEAT|Alertness
ABILITY:CATEGORY=FEAT|Cleave
ABILITY:CATEGORY=FEAT|Diehard
ABILITY:CATEGORY=FEAT|Endurance
ABILITY:CATEGORY=FEAT|Greater Sunder
ABILITY:CATEGORY=FEAT|Improved Critical (bite)
ABILITY:CATEGORY=FEAT|Improved Natural Attack (bite)
ABILITY:CATEGORY=FEAT|Improved Sunder
ABILITY:CATEGORY=FEAT|Iron Will
ABILITY:CATEGORY=FEAT|Power Attack
ABILITY:CATEGORY=FEAT|Swim-By Attack
ABILITY:CATEGORY=FEAT|Weapon Focus (bite)			FREE:YES
SKILL:Perception	RANK:23
TEMPLATE:By the Book Afanc


STARTPACK:Default Ahlinni	TYPE:Default Monster.Outsider	VISIBLE:QUALIFY	EQUIPBUY:0	PREMULT:1,[!PRERACE:1,%],[PRERACE:1,Ahlinni]
RACE:Ahlinni	!PRERACE:1,%
NAME:Ahlinni
STAT:STR=11|DEX=11|CON=10|INT=10|WIS=10|CHA=10
ABILITY:CATEGORY=FEAT|Skill Focus (Perception)
ABILITY:CATEGORY=FEAT|Weapon Focus (bite)


STARTPACK:Default Animated Tree	TYPE:Default Monster.Outsider	VISIBLE:QUALIFY	EQUIPBUY:0	PREMULT:1,[!PRERACE:1,%],[PRERACE:1,Animated Tree]
RACE:Animated Tree	!PRERACE:1,%
NAME:Animated Tree
STAT:STR=11|DEX=10|CON=11|INT=10|WIS=10|CHA=10
SKILL:Perception	RANK:4
ABILITY:CATEGORY=FEAT|Improved Sunder
ABILITY:CATEGORY=FEAT|Power Attack
ABILITY:CATEGORY=FEAT|Weapon Focus (slam)
ABILITY:CATEGORY=FEAT|Trample


STARTPACK:Algoid (Magic) Default	TYPE:Default Monster.Outsider	VISIBLE:QUALIFY	EQUIPBUY:0	PREMULT:1,[!PRERACE:1,%],[PRERACE:1,Algoid (Magic)]
RACE:Algoid (Magic)	!PRERACE:1,%
NAME:Algoid (Magic)
STAT:STR=11|DEX=10|CON=10|INT=10|WIS=10|CHA=10
SKILL:Perception	RANK:5
SKILL:Stealth	RANK:5
ABILITY:CATEGORY=FEAT|Iron Will
ABILITY:CATEGORY=FEAT|Skill Focus (Perception)
ABILITY:CATEGORY=FEAT|Weapon Focus (slam)


STARTPACK:Algoid (Psionic) Default	TYPE:Default Monster.Outsider	VISIBLE:QUALIFY	EQUIPBUY:0	PREMULT:1,[!PRERACE:1,%],[PRERACE:1,Algoid (Psionic)]
RACE:Algoid (Psionic)	!PRERACE:1,%
NAME:Algoid (Psionic)
STAT:STR=11|DEX=10|CON=10|INT=10|WIS=10|CHA=10
SKILL:Perception	RANK:5
SKILL:Stealth	RANK:5
ABILITY:CATEGORY=FEAT|Iron Will
ABILITY:CATEGORY=FEAT|Skill Focus (Perception)
ABILITY:CATEGORY=FEAT|Weapon Focus (slam)


STARTPACK:Al-mi'raj Default	TYPE:Default Monster.Outsider	VISIBLE:QUALIFY	EQUIPBUY:0	PREMULT:1,[!PRERACE:1,%],[PRERACE:1,Al-mi'raj]
RACE:Al-mi'raj	!PRERACE:1,%
NAME:Al-mi'raj
STAT:STR=10|DEX=11|CON=10|INT=11|WIS=10|CHA=10
SKILL:Perception	RANK:1
SKILL:Stealth	RANK:1
SKILL:Survival	RANK:1
ABILITY:CATEGORY=FEAT|Weapon Finesse
ABILITY:CATEGORY=FEAT|Skill Focus (Stealth)

STARTPACK:Al-mi'raj (Magic) Default	TYPE:Default Monster.Outsider	VISIBLE:QUALIFY	EQUIPBUY:0	PREMULT:1,[!PRERACE:1,%],[PRERACE:1,Al-mi'raj (Magic)]
RACE:Al-mi'raj (Magic)	!PRERACE:1,%
NAME:Al-mi'raj (Magic)
STAT:STR=10|DEX=11|CON=10|INT=11|WIS=10|CHA=10
SKILL:Perception	RANK:1
SKILL:Stealth	RANK:1
SKILL:Survival	RANK:1
ABILITY:CATEGORY=FEAT|Weapon Finesse
ABILITY:CATEGORY=FEAT|Skill Focus (Stealth)


STARTPACK:Al-mi'raj (Psionic) Default	TYPE:Default Monster.Outsider	VISIBLE:QUALIFY	EQUIPBUY:0	PREMULT:1,[!PRERACE:1,%],[PRERACE:1,Al-mi'raj (Psionic)]
RACE:Al-mi'raj (Psionic)	!PRERACE:1,%
NAME:Al-mi'raj (Psionic)
STAT:STR=10|DEX=11|CON=10|INT=11|WIS=10|CHA=10
SKILL:Perception	RANK:1
SKILL:Stealth	RANK:1
SKILL:Survival	RANK:1
ABILITY:CATEGORY=FEAT|Weapon Finesse
ABILITY:CATEGORY=FEAT|Skill Focus (Stealth)


STARTPACK:Default Amphisbaena	TYPE:Default Monster.Outsider	VISIBLE:QUALIFY	EQUIPBUY:0	PREMULT:1,[!PRERACE:1,%],[PRERACE:1,Amphisbaena]
RACE:Amphisbaena	!PRERACE:1,%
NAME:Amphisbaena
STAT:STR=11|DEX=11|CON=10|INT=10|WIS=10|CHA=10
ABILITY:CATEGORY=FEAT|Lunge
ABILITY:CATEGORY=FEAT|Toughness
ABILITY:CATEGORY=FEAT|Weapon Focus (bite)
SKILL:Acrobatics	RANK:5
SKILL:Climb		RANK:5
SKILL:Perception	RANK:5
SKILL:Stealth	RANK:5
SKILL:Swim		RANK:5


STARTPACK:Default Great Sea Anemone	TYPE:Default Monster.Outsider	VISIBLE:QUALIFY	EQUIPBUY:0	PREMULT:1,[!PRERACE:1,%],[PRERACE:1,Great Sea Anemone]
RACE:Great Sea Anemone	!PRERACE:1,%
NAME:Great Sea Anemone
STAT:STR=10|DEX=10|CON=10|INT=10|WIS=10|CHA=10


STARTPACK:Angel (Chalkydri) Default	TYPE:Default Monster.Outsider	VISIBLE:QUALIFY	EQUIPBUY:0	PREMULT:1,[!PRERACE:1,%],[PRERACE:1,Angel (Chalkydri)]
RACE:Angel (Chalkydri)	!PRERACE:1,%
NAME:Angel (Chalkydri)
STAT:STR=11|DEX=10|CON=10|INT=10|WIS=10|CHA=11
SKILL:Diplomacy             RANK:12
SKILL:Fly                   RANK:12
SKILL:Heal                  RANK:12
SKILL:Intimidate            RANK:12
SKILL:Knowledge (planes)    RANK:12
SKILL:Knowledge (religion)  RANK:12
SKILL:Perception            RANK:12
SKILL:Sense Motive          RANK:12
SKILL:Stealth               RANK:12
SKILL:Survival              RANK:12
GEAR:Longsword		SIZE:PC	LOCATION:Primary Hand	EQMOD:MWORK.PLUS2W.FLAME
GEAR:Javelin	QTY:2	SIZE:PC	LOCATION:Carried		EQMOD:MWORK.PLUS2W.FLAME


STARTPACK:Angel (Empyreal) Default	TYPE:Default Monster.Outsider	VISIBLE:QUALIFY	EQUIPBUY:0	PREMULT:1,[!PRERACE:1,%],[PRERACE:1,Angel (Empyreal)]
RACE:Angel (Empyreal)	!PRERACE:1,%
NAME:Angel (Empyreal)
STAT:STR=10|DEX=10|CON=10|INT=10|WIS=10|CHA=10
SKILL:Diplomacy             RANK:13
SKILL:Fly                   RANK:13
SKILL:Heal                  RANK:13
SKILL:Intimidate            RANK:13
SKILL:Knowledge (planes)    RANK:13
SKILL:Knowledge (religion)  RANK:13
SKILL:Perception            RANK:13
SKILL:Sense Motive          RANK:13
SKILL:Stealth               RANK:13
SKILL:Survival              RANK:13
GEAR:Longsword	SIZE:PC	LOCATION:Primary Hand	EQMOD:MWORK.PLUS3W.FLAME
